The system is: Linux - 5.10.186+ - armv5tejl
Compiling the C compiler identification source file "CMakeCCompilerId.c" succeeded.
Compiler: /usr/bin/cc 
Build flags: 
Id flags:  

The output was:
0


Compilation of the C compiler identification source "CMakeCCompilerId.c" produced "a.out"

The C compiler identification is GNU, found in "/xddcore_toolbox/OpenNNA2.0/platform/zero_linux_board/build/CMakeFiles/3.13.4/CompilerIdC/a.out"

Determining if the C compiler works passed with the following output:
Change Dir: /xddcore_toolbox/OpenNNA2.0/platform/zero_linux_board/build/CMakeFiles/CMakeTmp

Run Build Command:"/usr/bin/make" "cmTC_df9b3/fast"
/usr/bin/make -f CMakeFiles/cmTC_df9b3.dir/build.make CMakeFiles/cmTC_df9b3.dir/build
make[1]: Entering directory '/xddcore_toolbox/OpenNNA2.0/platform/zero_linux_board/build/CMakeFiles/CMakeTmp'
Building C object CMakeFiles/cmTC_df9b3.dir/testCCompiler.c.o
/usr/bin/cc    -o CMakeFiles/cmTC_df9b3.dir/testCCompiler.c.o   -c /xddcore_toolbox/OpenNNA2.0/platform/zero_linux_board/build/CMakeFiles/CMakeTmp/testCCompiler.c
Linking C executable cmTC_df9b3
/usr/bin/cmake -E cmake_link_script CMakeFiles/cmTC_df9b3.dir/link.txt --verbose=1
/usr/bin/cc      CMakeFiles/cmTC_df9b3.dir/testCCompiler.c.o  -o cmTC_df9b3 
make[1]: Leaving directory '/xddcore_toolbox/OpenNNA2.0/platform/zero_linux_board/build/CMakeFiles/CMakeTmp'


Detecting C compiler ABI info compiled with the following output:
Change Dir: /xddcore_toolbox/OpenNNA2.0/platform/zero_linux_board/build/CMakeFiles/CMakeTmp

Run Build Command:"/usr/bin/make" "cmTC_6a000/fast"
/usr/bin/make -f CMakeFiles/cmTC_6a000.dir/build.make CMakeFiles/cmTC_6a000.dir/build
make[1]: Entering directory '/xddcore_toolbox/OpenNNA2.0/platform/zero_linux_board/build/CMakeFiles/CMakeTmp'
Building C object CMakeFiles/cmTC_6a000.dir/CMakeCCompilerABI.c.o
/usr/bin/cc    -o CMakeFiles/cmTC_6a000.dir/CMakeCCompilerABI.c.o   -c /usr/share/cmake-3.13/Modules/CMakeCCompilerABI.c
Linking C executable cmTC_6a000
/usr/bin/cmake -E cmake_link_script CMakeFiles/cmTC_6a000.dir/link.txt --verbose=1
/usr/bin/cc     -v CMakeFiles/cmTC_6a000.dir/CMakeCCompilerABI.c.o  -o cmTC_6a000 
Using built-in specs.
COLLECT_GCC=/usr/bin/cc
COLLECT_LTO_WRAPPER=/usr/lib/gcc/arm-linux-gnueabi/8/lto-wrapper
Target: arm-linux-gnueabi
Configured with: ../src/configure -v --with-pkgversion='Debian 8.3.0-6' --with-bugurl=file:///usr/share/doc/gcc-8/README.Bugs --enable-languages=c,ada,c++,go,d,fortran,objc,obj-c++ --prefix=/usr --with-gcc-major-version-only --program-suffix=-8 --program-prefix=arm-linux-gnueabi- --enable-shared --enable-linker-build-id --libexecdir=/usr/lib --without-included-gettext --enable-threads=posix --libdir=/usr/lib --enable-nls --enable-clocale=gnu --enable-libstdcxx-debug --enable-libstdcxx-time=yes --with-default-libstdcxx-abi=new --enable-gnu-unique-object --disable-libitm --disable-libquadmath --disable-libquadmath-support --enable-plugin --enable-default-pie --with-system-zlib --with-target-system-zlib --enable-objc-gc=auto --enable-multiarch --disable-sjlj-exceptions --with-arch=armv5te --with-float=soft --disable-werror --enable-checking=release --build=arm-linux-gnueabi --host=arm-linux-gnueabi --target=arm-linux-gnueabi
Thread model: posix
gcc version 8.3.0 (Debian 8.3.0-6) 
COMPILER_PATH=/usr/lib/gcc/arm-linux-gnueabi/8/:/usr/lib/gcc/arm-linux-gnueabi/8/:/usr/lib/gcc/arm-linux-gnueabi/:/usr/lib/gcc/arm-linux-gnueabi/8/:/usr/lib/gcc/arm-linux-gnueabi/
LIBRARY_PATH=/usr/lib/gcc/arm-linux-gnueabi/8/:/usr/lib/gcc/arm-linux-gnueabi/8/../../../arm-linux-gnueabi/:/usr/lib/gcc/arm-linux-gnueabi/8/../../../:/lib/arm-linux-gnueabi/:/lib/:/usr/lib/arm-linux-gnueabi/:/usr/lib/
COLLECT_GCC_OPTIONS='-v' '-o' 'cmTC_6a000'  '-mfloat-abi=soft' '-mtls-dialect=gnu' '-marm' '-march=armv5te'
 /usr/lib/gcc/arm-linux-gnueabi/8/collect2 -plugin /usr/lib/gcc/arm-linux-gnueabi/8/liblto_plugin.so -plugin-opt=/usr/lib/gcc/arm-linux-gnueabi/8/lto-wrapper -plugin-opt=-fresolution=/tmp/cckeD85a.res -plugin-opt=-pass-through=-lgcc -plugin-opt=-pass-through=-lgcc_s -plugin-opt=-pass-through=-lc -plugin-opt=-pass-through=-lgcc -plugin-opt=-pass-through=-lgcc_s --build-id --eh-frame-hdr -dynamic-linker /lib/ld-linux.so.3 -X --hash-style=gnu -m armelf_linux_eabi -pie -o cmTC_6a000 /usr/lib/gcc/arm-linux-gnueabi/8/../../../arm-linux-gnueabi/Scrt1.o /usr/lib/gcc/arm-linux-gnueabi/8/../../../arm-linux-gnueabi/crti.o /usr/lib/gcc/arm-linux-gnueabi/8/crtbeginS.o -L/usr/lib/gcc/arm-linux-gnueabi/8 -L/usr/lib/gcc/arm-linux-gnueabi/8/../../../arm-linux-gnueabi -L/usr/lib/gcc/arm-linux-gnueabi/8/../../.. -L/lib/arm-linux-gnueabi -L/usr/lib/arm-linux-gnueabi CMakeFiles/cmTC_6a000.dir/CMakeCCompilerABI.c.o -lgcc --push-state --as-needed -lgcc_s --pop-state -lc -lgcc --push-state --as-needed -lgcc_s --pop-state /usr/lib/gcc/arm-linux-gnueabi/8/crtendS.o /usr/lib/gcc/arm-linux-gnueabi/8/../../../arm-linux-gnueabi/crtn.o
COLLECT_GCC_OPTIONS='-v' '-o' 'cmTC_6a000'  '-mfloat-abi=soft' '-mtls-dialect=gnu' '-marm' '-march=armv5te'
make[1]: Leaving directory '/xddcore_toolbox/OpenNNA2.0/platform/zero_linux_board/build/CMakeFiles/CMakeTmp'


Parsed C implicit link information from above output:
  link line regex: [^( *|.*[/\])(ld|CMAKE_LINK_STARTFILE-NOTFOUND|([^/\]+-)?ld|collect2)[^/\]*( |$)]
  ignore line: [Change Dir: /xddcore_toolbox/OpenNNA2.0/platform/zero_linux_board/build/CMakeFiles/CMakeTmp]
  ignore line: []
  ignore line: [Run Build Command:"/usr/bin/make" "cmTC_6a000/fast"]
  ignore line: [/usr/bin/make -f CMakeFiles/cmTC_6a000.dir/build.make CMakeFiles/cmTC_6a000.dir/build]
  ignore line: [make[1]: Entering directory '/xddcore_toolbox/OpenNNA2.0/platform/zero_linux_board/build/CMakeFiles/CMakeTmp']
  ignore line: [Building C object CMakeFiles/cmTC_6a000.dir/CMakeCCompilerABI.c.o]
  ignore line: [/usr/bin/cc    -o CMakeFiles/cmTC_6a000.dir/CMakeCCompilerABI.c.o   -c /usr/share/cmake-3.13/Modules/CMakeCCompilerABI.c]
  ignore line: [Linking C executable cmTC_6a000]
  ignore line: [/usr/bin/cmake -E cmake_link_script CMakeFiles/cmTC_6a000.dir/link.txt --verbose=1]
  ignore line: [/usr/bin/cc     -v CMakeFiles/cmTC_6a000.dir/CMakeCCompilerABI.c.o  -o cmTC_6a000 ]
  ignore line: [Using built-in specs.]
  ignore line: [COLLECT_GCC=/usr/bin/cc]
  ignore line: [COLLECT_LTO_WRAPPER=/usr/lib/gcc/arm-linux-gnueabi/8/lto-wrapper]
  ignore line: [Target: arm-linux-gnueabi]
  ignore line: [Configured with: ../src/configure -v --with-pkgversion='Debian 8.3.0-6' --with-bugurl=file:///usr/share/doc/gcc-8/README.Bugs --enable-languages=c,ada,c++,go,d,fortran,objc,obj-c++ --prefix=/usr --with-gcc-major-version-only --program-suffix=-8 --program-prefix=arm-linux-gnueabi- --enable-shared --enable-linker-build-id --libexecdir=/usr/lib --without-included-gettext --enable-threads=posix --libdir=/usr/lib --enable-nls --enable-clocale=gnu --enable-libstdcxx-debug --enable-libstdcxx-time=yes --with-default-libstdcxx-abi=new --enable-gnu-unique-object --disable-libitm --disable-libquadmath --disable-libquadmath-support --enable-plugin --enable-default-pie --with-system-zlib --with-target-system-zlib --enable-objc-gc=auto --enable-multiarch --disable-sjlj-exceptions --with-arch=armv5te --with-float=soft --disable-werror --enable-checking=release --build=arm-linux-gnueabi --host=arm-linux-gnueabi --target=arm-linux-gnueabi]
  ignore line: [Thread model: posix]
  ignore line: [gcc version 8.3.0 (Debian 8.3.0-6) ]
  ignore line: [COMPILER_PATH=/usr/lib/gcc/arm-linux-gnueabi/8/:/usr/lib/gcc/arm-linux-gnueabi/8/:/usr/lib/gcc/arm-linux-gnueabi/:/usr/lib/gcc/arm-linux-gnueabi/8/:/usr/lib/gcc/arm-linux-gnueabi/]
  ignore line: [LIBRARY_PATH=/usr/lib/gcc/arm-linux-gnueabi/8/:/usr/lib/gcc/arm-linux-gnueabi/8/../../../arm-linux-gnueabi/:/usr/lib/gcc/arm-linux-gnueabi/8/../../../:/lib/arm-linux-gnueabi/:/lib/:/usr/lib/arm-linux-gnueabi/:/usr/lib/]
  ignore line: [COLLECT_GCC_OPTIONS='-v' '-o' 'cmTC_6a000'  '-mfloat-abi=soft' '-mtls-dialect=gnu' '-marm' '-march=armv5te']
  link line: [ /usr/lib/gcc/arm-linux-gnueabi/8/collect2 -plugin /usr/lib/gcc/arm-linux-gnueabi/8/liblto_plugin.so -plugin-opt=/usr/lib/gcc/arm-linux-gnueabi/8/lto-wrapper -plugin-opt=-fresolution=/tmp/cckeD85a.res -plugin-opt=-pass-through=-lgcc -plugin-opt=-pass-through=-lgcc_s -plugin-opt=-pass-through=-lc -plugin-opt=-pass-through=-lgcc -plugin-opt=-pass-through=-lgcc_s --build-id --eh-frame-hdr -dynamic-linker /lib/ld-linux.so.3 -X --hash-style=gnu -m armelf_linux_eabi -pie -o cmTC_6a000 /usr/lib/gcc/arm-linux-gnueabi/8/../../../arm-linux-gnueabi/Scrt1.o /usr/lib/gcc/arm-linux-gnueabi/8/../../../arm-linux-gnueabi/crti.o /usr/lib/gcc/arm-linux-gnueabi/8/crtbeginS.o -L/usr/lib/gcc/arm-linux-gnueabi/8 -L/usr/lib/gcc/arm-linux-gnueabi/8/../../../arm-linux-gnueabi -L/usr/lib/gcc/arm-linux-gnueabi/8/../../.. -L/lib/arm-linux-gnueabi -L/usr/lib/arm-linux-gnueabi CMakeFiles/cmTC_6a000.dir/CMakeCCompilerABI.c.o -lgcc --push-state --as-needed -lgcc_s --pop-state -lc -lgcc --push-state --as-needed -lgcc_s --pop-state /usr/lib/gcc/arm-linux-gnueabi/8/crtendS.o /usr/lib/gcc/arm-linux-gnueabi/8/../../../arm-linux-gnueabi/crtn.o]
    arg [/usr/lib/gcc/arm-linux-gnueabi/8/collect2] ==> ignore
    arg [-plugin] ==> ignore
    arg [/usr/lib/gcc/arm-linux-gnueabi/8/liblto_plugin.so] ==> ignore
    arg [-plugin-opt=/usr/lib/gcc/arm-linux-gnueabi/8/lto-wrapper] ==> ignore
    arg [-plugin-opt=-fresolution=/tmp/cckeD85a.res] ==> ignore
    arg [-plugin-opt=-pass-through=-lgcc] ==> ignore
    arg [-plugin-opt=-pass-through=-lgcc_s] ==> ignore
    arg [-plugin-opt=-pass-through=-lc] ==> ignore
    arg [-plugin-opt=-pass-through=-lgcc] ==> ignore
    arg [-plugin-opt=-pass-through=-lgcc_s] ==> ignore
    arg [--build-id] ==> ignore
    arg [--eh-frame-hdr] ==> ignore
    arg [-dynamic-linker] ==> ignore
    arg [/lib/ld-linux.so.3] ==> ignore
    arg [-X] ==> ignore
    arg [--hash-style=gnu] ==> ignore
    arg [-m] ==> ignore
    arg [armelf_linux_eabi] ==> ignore
    arg [-pie] ==> ignore
    arg [-o] ==> ignore
    arg [cmTC_6a000] ==> ignore
    arg [/usr/lib/gcc/arm-linux-gnueabi/8/../../../arm-linux-gnueabi/Scrt1.o] ==> ignore
    arg [/usr/lib/gcc/arm-linux-gnueabi/8/../../../arm-linux-gnueabi/crti.o] ==> ignore
    arg [/usr/lib/gcc/arm-linux-gnueabi/8/crtbeginS.o] ==> ignore
    arg [-L/usr/lib/gcc/arm-linux-gnueabi/8] ==> dir [/usr/lib/gcc/arm-linux-gnueabi/8]
    arg [-L/usr/lib/gcc/arm-linux-gnueabi/8/../../../arm-linux-gnueabi] ==> dir [/usr/lib/gcc/arm-linux-gnueabi/8/../../../arm-linux-gnueabi]
    arg [-L/usr/lib/gcc/arm-linux-gnueabi/8/../../..] ==> dir [/usr/lib/gcc/arm-linux-gnueabi/8/../../..]
    arg [-L/lib/arm-linux-gnueabi] ==> dir [/lib/arm-linux-gnueabi]
    arg [-L/usr/lib/arm-linux-gnueabi] ==> dir [/usr/lib/arm-linux-gnueabi]
    arg [CMakeFiles/cmTC_6a000.dir/CMakeCCompilerABI.c.o] ==> ignore
    arg [-lgcc] ==> lib [gcc]
    arg [--push-state] ==> ignore
    arg [--as-needed] ==> ignore
    arg [-lgcc_s] ==> lib [gcc_s]
    arg [--pop-state] ==> ignore
    arg [-lc] ==> lib [c]
    arg [-lgcc] ==> lib [gcc]
    arg [--push-state] ==> ignore
    arg [--as-needed] ==> ignore
    arg [-lgcc_s] ==> lib [gcc_s]
    arg [--pop-state] ==> ignore
    arg [/usr/lib/gcc/arm-linux-gnueabi/8/crtendS.o] ==> ignore
    arg [/usr/lib/gcc/arm-linux-gnueabi/8/../../../arm-linux-gnueabi/crtn.o] ==> ignore
  collapse library dir [/usr/lib/gcc/arm-linux-gnueabi/8] ==> [/usr/lib/gcc/arm-linux-gnueabi/8]
  collapse library dir [/usr/lib/gcc/arm-linux-gnueabi/8/../../../arm-linux-gnueabi] ==> [/usr/lib/arm-linux-gnueabi]
  collapse library dir [/usr/lib/gcc/arm-linux-gnueabi/8/../../..] ==> [/usr/lib]
  collapse library dir [/lib/arm-linux-gnueabi] ==> [/lib/arm-linux-gnueabi]
  collapse library dir [/usr/lib/arm-linux-gnueabi] ==> [/usr/lib/arm-linux-gnueabi]
  implicit libs: [gcc;gcc_s;c;gcc;gcc_s]
  implicit dirs: [/usr/lib/gcc/arm-linux-gnueabi/8;/usr/lib/arm-linux-gnueabi;/usr/lib;/lib/arm-linux-gnueabi]
  implicit fwks: []




Detecting C [-std=c11] compiler features compiled with the following output:
Change Dir: /xddcore_toolbox/OpenNNA2.0/platform/zero_linux_board/build/CMakeFiles/CMakeTmp

Run Build Command:"/usr/bin/make" "cmTC_97a87/fast"
/usr/bin/make -f CMakeFiles/cmTC_97a87.dir/build.make CMakeFiles/cmTC_97a87.dir/build
make[1]: Entering directory '/xddcore_toolbox/OpenNNA2.0/platform/zero_linux_board/build/CMakeFiles/CMakeTmp'
Building C object CMakeFiles/cmTC_97a87.dir/feature_tests.c.o
/usr/bin/cc   -std=c11 -o CMakeFiles/cmTC_97a87.dir/feature_tests.c.o   -c /xddcore_toolbox/OpenNNA2.0/platform/zero_linux_board/build/CMakeFiles/feature_tests.c
Linking C executable cmTC_97a87
/usr/bin/cmake -E cmake_link_script CMakeFiles/cmTC_97a87.dir/link.txt --verbose=1
/usr/bin/cc      CMakeFiles/cmTC_97a87.dir/feature_tests.c.o  -o cmTC_97a87 
make[1]: Leaving directory '/xddcore_toolbox/OpenNNA2.0/platform/zero_linux_board/build/CMakeFiles/CMakeTmp'


    Feature record: C_FEATURE:1c_function_prototypes
    Feature record: C_FEATURE:1c_restrict
    Feature record: C_FEATURE:1c_static_assert
    Feature record: C_FEATURE:1c_variadic_macros


Detecting C [-std=c99] compiler features compiled with the following output:
Change Dir: /xddcore_toolbox/OpenNNA2.0/platform/zero_linux_board/build/CMakeFiles/CMakeTmp

Run Build Command:"/usr/bin/make" "cmTC_9c5a8/fast"
/usr/bin/make -f CMakeFiles/cmTC_9c5a8.dir/build.make CMakeFiles/cmTC_9c5a8.dir/build
make[1]: Entering directory '/xddcore_toolbox/OpenNNA2.0/platform/zero_linux_board/build/CMakeFiles/CMakeTmp'
Building C object CMakeFiles/cmTC_9c5a8.dir/feature_tests.c.o
/usr/bin/cc   -std=c99 -o CMakeFiles/cmTC_9c5a8.dir/feature_tests.c.o   -c /xddcore_toolbox/OpenNNA2.0/platform/zero_linux_board/build/CMakeFiles/feature_tests.c
Linking C executable cmTC_9c5a8
/usr/bin/cmake -E cmake_link_script CMakeFiles/cmTC_9c5a8.dir/link.txt --verbose=1
/usr/bin/cc      CMakeFiles/cmTC_9c5a8.dir/feature_tests.c.o  -o cmTC_9c5a8 
make[1]: Leaving directory '/xddcore_toolbox/OpenNNA2.0/platform/zero_linux_board/build/CMakeFiles/CMakeTmp'


    Feature record: C_FEATURE:1c_function_prototypes
    Feature record: C_FEATURE:1c_restrict
    Feature record: C_FEATURE:0c_static_assert
    Feature record: C_FEATURE:1c_variadic_macros


Detecting C [-std=c90] compiler features compiled with the following output:
Change Dir: /xddcore_toolbox/OpenNNA2.0/platform/zero_linux_board/build/CMakeFiles/CMakeTmp

Run Build Command:"/usr/bin/make" "cmTC_dea29/fast"
/usr/bin/make -f CMakeFiles/cmTC_dea29.dir/build.make CMakeFiles/cmTC_dea29.dir/build
make[1]: Entering directory '/xddcore_toolbox/OpenNNA2.0/platform/zero_linux_board/build/CMakeFiles/CMakeTmp'
Building C object CMakeFiles/cmTC_dea29.dir/feature_tests.c.o
/usr/bin/cc   -std=c90 -o CMakeFiles/cmTC_dea29.dir/feature_tests.c.o   -c /xddcore_toolbox/OpenNNA2.0/platform/zero_linux_board/build/CMakeFiles/feature_tests.c
Linking C executable cmTC_dea29
/usr/bin/cmake -E cmake_link_script CMakeFiles/cmTC_dea29.dir/link.txt --verbose=1
/usr/bin/cc      CMakeFiles/cmTC_dea29.dir/feature_tests.c.o  -o cmTC_dea29 
make[1]: Leaving directory '/xddcore_toolbox/OpenNNA2.0/platform/zero_linux_board/build/CMakeFiles/CMakeTmp'


    Feature record: C_FEATURE:1c_function_prototypes
    Feature record: C_FEATURE:0c_restrict
    Feature record: C_FEATURE:0c_static_assert
    Feature record: C_FEATURE:0c_variadic_macros
